<?xml version="1.0" encoding="UTF-8"?>
<!-- Generated by org.testng.reporters.JUnitXMLReporter -->
<testsuite ignored="8" hostname="INSML-8RLVCF" failures="0" tests="1" name="Default test" time="7.387" errors="0" timestamp="2023-02-07T11:25:20 IST">
  <testcase classname="homePage" name="switchMultipleLinkInNewTab" time="3.284"/>
  <testcase classname="homePage" name="verifyPromoCode" time="0.0">
    <ignored/>
  </testcase> <!-- verifyPromoCode -->
  <testcase classname="homePage" name="placeOrder" time="0.0">
    <ignored/>
  </testcase> <!-- placeOrder -->
  <testcase classname="homePage" name="applyPromoCode" time="0.0">
    <ignored/>
  </testcase> <!-- applyPromoCode -->
  <testcase classname="homePage" name="verifyProduct" time="0.0">
    <ignored/>
  </testcase> <!-- verifyProduct -->
  <testcase classname="homePage" name="linkInNewTab" time="0.0">
    <ignored/>
  </testcase> <!-- linkInNewTab -->
  <testcase classname="homePage" name="multipleLinkInNewTab" time="0.0">
    <ignored/>
  </testcase> <!-- multipleLinkInNewTab -->
  <testcase classname="homePage" name="checkout" time="0.0">
    <ignored/>
  </testcase> <!-- checkout -->
  <testcase classname="homePage" name="searchProduct" time="0.0">
    <ignored/>
  </testcase> <!-- searchProduct -->
</testsuite> <!-- Default test -->
